<?xml version="1.0" encoding="UTF-8"?>
<!-- Generated by org.testng.reporters.JUnitReportReporter -->
<testsuite hostname="IN-Sandeep" name="POM_TestCases.LoginTest" tests="1" failures="0" timestamp="28 Jul 2017 04:33:14 GMT" time="0.268" errors="0">
  <testcase name="doLogin" time="0.268" classname="POM_TestCases.LoginTest"/>
</testsuite> <!-- POM_TestCases.LoginTest -->
